<?xml version="1.0" encoding="UTF-8"?>
<testsuite xmlns:xsi="http://www.w3.org/2001/XMLSchema-instance" xsi:noNamespaceSchemaLocation="https://maven.apache.org/surefire/maven-surefire-plugin/xsd/surefire-test-report.xsd" version="3.0.2" name="com.Tracker.Tracker.TrackerApplicationTests" time="14.976" tests="1" errors="0" skipped="0" failures="0">
  <properties>
[...]
</properties>
  <testcase name="contextLoads" classname="com.Tracker.Tracker.TrackerApplicationTests" time="0.969">
    <system-out><![CDATA[01:49:03.872 [main] INFO org.springframework.test.context.support.AnnotationConfigContextLoaderUtils -- Could not detect default configuration classes for test class [com.Tracker.Tracker.TrackerApplicationTests]: TrackerApplicationTests does not declare any static, non-private, non-final, nested classes annotated with @Configuration.
01:49:04.296 [main] INFO org.springframework.boot.test.context.SpringBootTestContextBootstrapper -- Found @SpringBootConfiguration com.Tracker.Tracker.TrackerApplication for test class com.Tracker.Tracker.TrackerApplicationTests
01:49:04.781 [main] INFO org.springframework.boot.devtools.restart.RestartApplicationListener -- Restart disabled due to context in which it is running

  .   ____          _            __ _ _
 /\\ / ___'_ __ _ _(_)_ __  __ _ \ \ \ \
( ( )\___ | '_ | '_| | '_ \/ _` | \ \ \ \
 \\/  ___)| |_)| | | | | || (_| |  ) ) ) )
  '  |____| .__|_| |_|_| |_\__, | / / / /
 =========|_|==============|___/=/_/_/_/

 :: Spring Boot ::                (v3.5.0)

2025-07-11T01:49:05.686+05:30  INFO 11040 --- [Tracker] [           main] c.T.Tracker.TrackerApplicationTests      : Starting TrackerApplicationTests using Java 20 with PID 11040 (started by 91954 in D:\adv java\spring\Tracker Application\Tracker)
2025-07-11T01:49:05.690+05:30  INFO 11040 --- [Tracker] [           main] c.T.Tracker.TrackerApplicationTests      : No active profile set, falling back to 1 default profile: "default"
2025-07-11T01:49:07.935+05:30  INFO 11040 --- [Tracker] [           main] .s.d.r.c.RepositoryConfigurationDelegate : Bootstrapping Spring Data JPA repositories in DEFAULT mode.
2025-07-11T01:49:08.143+05:30  INFO 11040 --- [Tracker] [           main] .s.d.r.c.RepositoryConfigurationDelegate : Finished Spring Data repository scanning in 182 ms. Found 1 JPA repository interface.
2025-07-11T01:49:09.728+05:30  INFO 11040 --- [Tracker] [           main] com.zaxxer.hikari.HikariDataSource       : HikariPool-1 - Starting...
2025-07-11T01:49:10.888+05:30  INFO 11040 --- [Tracker] [           main] com.zaxxer.hikari.pool.HikariPool        : HikariPool-1 - Added connection com.mysql.cj.jdbc.ConnectionImpl@c48b543
2025-07-11T01:49:10.892+05:30  INFO 11040 --- [Tracker] [           main] com.zaxxer.hikari.HikariDataSource       : HikariPool-1 - Start completed.
2025-07-11T01:49:11.092+05:30  INFO 11040 --- [Tracker] [           main] o.hibernate.jpa.internal.util.LogHelper  : HHH000204: Processing PersistenceUnitInfo [name: default]
2025-07-11T01:49:11.272+05:30  INFO 11040 --- [Tracker] [           main] org.hibernate.Version                    : HHH000412: Hibernate ORM core version 6.6.15.Final
2025-07-11T01:49:11.371+05:30  INFO 11040 --- [Tracker] [           main] o.h.c.internal.RegionFactoryInitiator    : HHH000026: Second-level cache disabled
2025-07-11T01:49:12.189+05:30  INFO 11040 --- [Tracker] [           main] o.s.o.j.p.SpringPersistenceUnitInfo      : No LoadTimeWeaver setup: ignoring JPA class transformer
2025-07-11T01:49:12.408+05:30  WARN 11040 --- [Tracker] [           main] org.hibernate.orm.deprecation            : HHH90000025: MySQL8Dialect does not need to be specified explicitly using 'hibernate.dialect' (remove the property setting and it will be selected by default)
2025-07-11T01:49:12.411+05:30  WARN 11040 --- [Tracker] [           main] org.hibernate.orm.deprecation            : HHH90000026: MySQL8Dialect has been deprecated; use org.hibernate.dialect.MySQLDialect instead
2025-07-11T01:49:12.437+05:30  INFO 11040 --- [Tracker] [           main] org.hibernate.orm.connections.pooling    : HHH10001005: Database info:
	Database JDBC URL [Connecting through datasource 'HikariDataSource (HikariPool-1)']
	Database driver: undefined/unknown
	Database version: 8.0
	Autocommit mode: undefined/unknown
	Isolation level: undefined/unknown
	Minimum pool size: undefined/unknown
	Maximum pool size: undefined/unknown
2025-07-11T01:49:15.002+05:30  INFO 11040 --- [Tracker] [           main] o.h.e.t.j.p.i.JtaPlatformInitiator       : HHH000489: No JTA platform available (set 'hibernate.transaction.jta.platform' to enable JTA platform integration)
2025-07-11T01:49:15.010+05:30  INFO 11040 --- [Tracker] [           main] j.LocalContainerEntityManagerFactoryBean : Initialized JPA EntityManagerFactory for persistence unit 'default'
2025-07-11T01:49:16.043+05:30  WARN 11040 --- [Tracker] [           main] JpaBaseConfiguration$JpaWebConfiguration : spring.jpa.open-in-view is enabled by default. Therefore, database queries may be performed during view rendering. Explicitly configure spring.jpa.open-in-view to disable this warning
2025-07-11T01:49:17.192+05:30  INFO 11040 --- [Tracker] [           main] c.T.Tracker.TrackerApplicationTests      : Started TrackerApplicationTests in 12.436 seconds (process running for 15.787)
]]></system-out>
  </testcase>
</testsuite>